2025-06-05 06:00:20 | CONTINUOUS | INFO     | 🚀 CONTINUOUS STEALTH BOT SYSTEM STARTED
2025-06-05 06:00:20 | CONTINUOUS | INFO     | ⏱️  Execution duration: 10 minutes
2025-06-05 06:00:20 | CONTINUOUS | INFO     | 😴 Sleep duration: 2 minutes
2025-06-05 06:00:20 | CONTINUOUS | INFO     | 🎯 Target: X/Twitter links with random intervals
2025-06-05 06:00:20 | CONTINUOUS | INFO     | 🔄 Will run indefinitely until stopped (Ctrl+C)
2025-06-05 06:00:20 | CONTINUOUS | INFO     | ============================================================
2025-06-05 06:00:20 | CONTINUOUS | INFO     | === EXECUTION #1 STARTED ===
2025-06-05 06:00:20 | CONTINUOUS | INFO     | Start time: 2025-06-05 06:00:20
2025-06-05 06:00:20 | CONTINUOUS | INFO     | Command: python ultimate_stealth_bot.py --categories x_links --delay-min 3 --delay-max 8
2025-06-05 06:01:39 | CONTINUOUS | INFO     | ✓ EXECUTION #1 COMPLETED SUCCESSFULLY
2025-06-05 06:01:39 | CONTINUOUS | INFO     | Execution time: 79.0 seconds
2025-06-05 06:01:39 | CONTINUOUS | INFO     | All URLs visited successfully in this execution
2025-06-05 06:01:39 | CONTINUOUS | INFO     | End time: 2025-06-05 06:01:39
2025-06-05 06:01:39 | CONTINUOUS | INFO     | === EXECUTION #1 FINISHED ===
2025-06-05 06:01:39 | CONTINUOUS | INFO     | 📊 STATISTICS: 1 executions, 1 successful, 0 failed
2025-06-05 06:01:39 | CONTINUOUS | INFO     | 📈 SUCCESS RATE: 100.0%
2025-06-05 06:01:39 | CONTINUOUS | INFO     | 💤 SLEEPING FOR 2 MINUTES...
2025-06-05 06:02:38 | CONTINUOUS | INFO     | Sleep countdown: 1 minutes remaining...
2025-06-05 06:03:39 | CONTINUOUS | INFO     | ✨ SLEEP COMPLETED - RESUMING OPERATIONS
2025-06-05 06:03:39 | CONTINUOUS | INFO     | === EXECUTION #2 STARTED ===
2025-06-05 06:03:39 | CONTINUOUS | INFO     | Start time: 2025-06-05 06:03:39
2025-06-05 06:03:39 | CONTINUOUS | INFO     | Command: python ultimate_stealth_bot.py --categories x_links --delay-min 3 --delay-max 8
2025-06-05 06:03:47 | CONTINUOUS | INFO     | Received signal 15. Initiating graceful shutdown...
2025-06-05 06:03:47 | CONTINUOUS | INFO     | Terminating current bot process...
2025-06-05 06:03:47 | CONTINUOUS | ERROR    | ✗ EXECUTION #2 FAILED (exit code: -15)
2025-06-05 06:03:47 | CONTINUOUS | INFO     | End time: 2025-06-05 06:03:47
2025-06-05 06:03:47 | CONTINUOUS | INFO     | === EXECUTION #2 FINISHED ===
2025-06-05 06:03:47 | CONTINUOUS | INFO     | 📊 STATISTICS: 2 executions, 1 successful, 1 failed
2025-06-05 06:03:47 | CONTINUOUS | INFO     | 📈 SUCCESS RATE: 50.0%
2025-06-05 06:03:47 | CONTINUOUS | INFO     | 🛑 CONTINUOUS STEALTH BOT SYSTEM STOPPED
2025-06-05 06:03:47 | CONTINUOUS | INFO     | 📊 FINAL STATISTICS:
2025-06-05 06:03:47 | CONTINUOUS | INFO     |    Total executions: 2
2025-06-05 06:03:47 | CONTINUOUS | INFO     |    Successful: 1
2025-06-05 06:03:47 | CONTINUOUS | INFO     |    Failed: 1
2025-06-05 06:03:47 | CONTINUOUS | INFO     |    Overall success rate: 50.0%
2025-06-05 06:03:49 | CONTINUOUS | INFO     | 🚀 CONTINUOUS STEALTH BOT SYSTEM STARTED
2025-06-05 06:03:49 | CONTINUOUS | INFO     | ⏱️  Execution duration: 10 minutes
2025-06-05 06:03:49 | CONTINUOUS | INFO     | 😴 Sleep duration: 2 minutes
2025-06-05 06:03:49 | CONTINUOUS | INFO     | 🎯 Target: X/Twitter links with random intervals
2025-06-05 06:03:49 | CONTINUOUS | INFO     | 🔄 Will run indefinitely until stopped (Ctrl+C)
2025-06-05 06:03:49 | CONTINUOUS | INFO     | ============================================================
2025-06-05 06:03:49 | CONTINUOUS | INFO     | === EXECUTION #1 STARTED ===
2025-06-05 06:03:49 | CONTINUOUS | INFO     | Start time: 2025-06-05 06:03:49
2025-06-05 06:03:49 | CONTINUOUS | INFO     | Command: python ultimate_stealth_bot.py --categories x_links --delay-min 3 --delay-max 8
2025-06-05 06:05:04 | CONTINUOUS | INFO     | ✓ EXECUTION #1 COMPLETED SUCCESSFULLY
2025-06-05 06:05:04 | CONTINUOUS | INFO     | Execution time: 74.6 seconds
2025-06-05 06:05:04 | CONTINUOUS | INFO     | All URLs visited successfully in this execution
2025-06-05 06:05:04 | CONTINUOUS | INFO     | End time: 2025-06-05 06:05:04
2025-06-05 06:05:04 | CONTINUOUS | INFO     | === EXECUTION #1 FINISHED ===
2025-06-05 06:05:04 | CONTINUOUS | INFO     | 📊 STATISTICS: 1 executions, 1 successful, 0 failed
2025-06-05 06:05:04 | CONTINUOUS | INFO     | 📈 SUCCESS RATE: 100.0%
2025-06-05 06:05:04 | CONTINUOUS | INFO     | 💤 SLEEPING FOR 2 MINUTES...
2025-06-05 06:06:03 | CONTINUOUS | INFO     | Sleep countdown: 1 minutes remaining...
2025-06-05 06:07:04 | CONTINUOUS | INFO     | ✨ SLEEP COMPLETED - RESUMING OPERATIONS
2025-06-05 06:07:04 | CONTINUOUS | INFO     | === EXECUTION #2 STARTED ===
2025-06-05 06:07:04 | CONTINUOUS | INFO     | Start time: 2025-06-05 06:07:04
2025-06-05 06:07:04 | CONTINUOUS | INFO     | Command: python ultimate_stealth_bot.py --categories x_links --delay-min 3 --delay-max 8
